2025-04-22 13:09:44,762 - INFO - Processing URL: https://www.telstra.com.au/content/dam/tcom/about-us/community-environment/pdf/Telstra-Value-Chain_End-of-life%20Remediated.pdf for Telstra
2025-04-22 13:09:45,346 - INFO - Downloaded PDF: https://www.telstra.com.au/content/dam/tcom/about-us/community-environment/pdf/Telstra-Value-Chain_End-of-life%20Remediated.pdf -> output/Telstra/www_telstra_com_au_content_dam_tcom_about-us_community-environment_pdf_Telstra-Value-Chain_End-of-li.pdf
2025-04-22 13:09:45,466 - INFO - Saved entry to CSV for Telstra
2025-04-22 13:09:45,469 - INFO - Processing URL: https://www.telstra.com.au/content/dam/tcom/about-us/community-environment/pdf/Telstra-In-focus-Sustaining-our-planet-Remediated.pdf for Telstra
2025-04-22 13:09:46,045 - INFO - Downloaded PDF: https://www.telstra.com.au/content/dam/tcom/about-us/community-environment/pdf/Telstra-In-focus-Sustaining-our-planet-Remediated.pdf -> output/Telstra/www_telstra_com_au_content_dam_tcom_about-us_community-environment_pdf_Telstra-In-focus-Sustaining-o.pdf
2025-04-22 13:09:46,063 - INFO - Saved entry to CSV for Telstra
2025-04-22 13:09:46,067 - INFO - Processing URL: https://www.telstra.com.au/content/dam/tcom/about-us/community-environment/pdf/Telstra-Bigger-Picture-Sustainability-Report-2023-Remediated.pdf for Telstra
2025-04-22 13:09:48,768 - INFO - Downloaded PDF: https://www.telstra.com.au/content/dam/tcom/about-us/community-environment/pdf/Telstra-Bigger-Picture-Sustainability-Report-2023-Remediated.pdf -> output/Telstra/www_telstra_com_au_content_dam_tcom_about-us_community-environment_pdf_Telstra-Bigger-Picture-Sustai.pdf
2025-04-22 13:09:49,560 - INFO - Saved entry to CSV for Telstra
2025-04-22 13:09:49,566 - INFO - Processing URL: https://www.telstra.com.au/exchange/updating-our-climate-change-commitments for Telstra
2025-04-22 13:09:56,483 - INFO - Saved entry to CSV for Telstra
2025-04-22 13:09:56,499 - INFO - Processing URL: https://www.telstra.com.au/content/dam/tcom/about-us/investors/pdf-g/board-charter.pdf for Telstra
2025-04-22 13:09:56,984 - INFO - Downloaded PDF: https://www.telstra.com.au/content/dam/tcom/about-us/investors/pdf-g/board-charter.pdf -> output/Telstra/www_telstra_com_au_content_dam_tcom_about-us_investors_pdf-g_board-charter.pdf.pdf
2025-04-22 13:09:57,088 - INFO - Saved entry to CSV for Telstra
2025-04-22 13:09:57,096 - INFO - Processing URL: https://www.telstra.com.au/content/dam/tcom/about-us/community-environment/pdf/telstras-bigger-picture-2021-sustainability-report.pdf for Telstra
2025-04-22 13:09:58,854 - INFO - Downloaded PDF: https://www.telstra.com.au/content/dam/tcom/about-us/community-environment/pdf/telstras-bigger-picture-2021-sustainability-report.pdf -> output/Telstra/www_telstra_com_au_content_dam_tcom_about-us_community-environment_pdf_telstras-bigger-picture-2021-.pdf
2025-04-22 13:09:59,129 - INFO - Saved entry to CSV for Telstra
2025-04-22 13:09:59,138 - INFO - Processing URL: https://www.telstra.com.au/content/dam/tcom/about-us/community-environment/pdf/2024-Telstra-Modern-Slavery-Act-Statement-Remediated.pdf for Telstra
2025-04-22 13:10:00,495 - INFO - Downloaded PDF: https://www.telstra.com.au/content/dam/tcom/about-us/community-environment/pdf/2024-Telstra-Modern-Slavery-Act-Statement-Remediated.pdf -> output/Telstra/www_telstra_com_au_content_dam_tcom_about-us_community-environment_pdf_2024-Telstra-Modern-Slavery-A.pdf
2025-04-22 13:10:00,839 - INFO - Saved entry to CSV for Telstra
2025-04-22 13:10:00,850 - INFO - Processing URL: https://www.telstra.com.au/content/dam/tcom/about-us/community-environment/pdf/Telstra-Bigger-Picture-Sustainability-Report-Glossary-2023-Remediated.pdf for Telstra
2025-04-22 13:10:01,319 - INFO - Downloaded PDF: https://www.telstra.com.au/content/dam/tcom/about-us/community-environment/pdf/Telstra-Bigger-Picture-Sustainability-Report-Glossary-2023-Remediated.pdf -> output/Telstra/www_telstra_com_au_content_dam_tcom_about-us_community-environment_pdf_Telstra-Bigger-Picture-Sustai.pdf
2025-04-22 13:10:01,402 - INFO - Saved entry to CSV for Telstra
2025-04-22 13:10:01,415 - INFO - Processing URL: https://www.telstra.com.au/sustainability/environment for Telstra
2025-04-22 13:10:18,643 - INFO - Processing URL: https://www.telstra.com.au/content/dam/tcom/about-us/community-environment/pdf/Telstra-Value-Chain_End-of-life%20Remediated.pdf for Telstra
2025-04-22 13:10:19,043 - INFO - Downloaded PDF: https://www.telstra.com.au/content/dam/tcom/about-us/community-environment/pdf/Telstra-Value-Chain_End-of-life%20Remediated.pdf -> output/Telstra/www_telstra_com_au_content_dam_tcom_about-us_community-environment_pdf_Telstra-Value-Chain_End-of-li.pdf
2025-04-22 13:10:19,074 - INFO - Saved entry to CSV for Telstra
2025-04-22 13:10:19,098 - INFO - Processing URL: https://www.telstra.com.au/content/dam/tcom/about-us/community-environment/pdf/Telstra-In-focus-Sustaining-our-planet-Remediated.pdf for Telstra
2025-04-22 13:10:19,562 - INFO - Downloaded PDF: https://www.telstra.com.au/content/dam/tcom/about-us/community-environment/pdf/Telstra-In-focus-Sustaining-our-planet-Remediated.pdf -> output/Telstra/www_telstra_com_au_content_dam_tcom_about-us_community-environment_pdf_Telstra-In-focus-Sustaining-o.pdf
2025-04-22 13:10:19,581 - INFO - Saved entry to CSV for Telstra
2025-04-22 13:10:19,606 - INFO - Processing URL: https://www.telstra.com.au/content/dam/tcom/about-us/community-environment/pdf/Telstra-Bigger-Picture-Sustainability-Report-2023-Remediated.pdf for Telstra
2025-04-22 13:10:21,079 - INFO - Downloaded PDF: https://www.telstra.com.au/content/dam/tcom/about-us/community-environment/pdf/Telstra-Bigger-Picture-Sustainability-Report-2023-Remediated.pdf -> output/Telstra/www_telstra_com_au_content_dam_tcom_about-us_community-environment_pdf_Telstra-Bigger-Picture-Sustai.pdf
2025-04-22 13:10:21,805 - INFO - Saved entry to CSV for Telstra
2025-04-22 13:10:21,820 - INFO - Processing URL: https://www.telstra.com.au/exchange/updating-our-climate-change-commitments for Telstra
2025-04-22 13:10:28,508 - INFO - Saved entry to CSV for Telstra
2025-04-22 13:10:28,528 - INFO - Processing URL: https://www.telstra.com.au/content/dam/tcom/about-us/investors/pdf-g/board-charter.pdf for Telstra
2025-04-22 13:10:28,898 - INFO - Downloaded PDF: https://www.telstra.com.au/content/dam/tcom/about-us/investors/pdf-g/board-charter.pdf -> output/Telstra/www_telstra_com_au_content_dam_tcom_about-us_investors_pdf-g_board-charter.pdf.pdf
2025-04-22 13:10:28,936 - INFO - Saved entry to CSV for Telstra
2025-04-22 13:10:28,961 - INFO - Processing URL: https://www.telstra.com.au/content/dam/tcom/about-us/community-environment/pdf/telstras-bigger-picture-2021-sustainability-report.pdf for Telstra
2025-04-22 13:10:29,985 - INFO - Downloaded PDF: https://www.telstra.com.au/content/dam/tcom/about-us/community-environment/pdf/telstras-bigger-picture-2021-sustainability-report.pdf -> output/Telstra/www_telstra_com_au_content_dam_tcom_about-us_community-environment_pdf_telstras-bigger-picture-2021-.pdf
2025-04-22 13:10:30,230 - INFO - Saved entry to CSV for Telstra
2025-04-22 13:10:30,249 - INFO - Processing URL: https://www.telstra.com.au/content/dam/tcom/about-us/community-environment/pdf/2024-Telstra-Modern-Slavery-Act-Statement-Remediated.pdf for Telstra
2025-04-22 13:10:30,939 - INFO - Downloaded PDF: https://www.telstra.com.au/content/dam/tcom/about-us/community-environment/pdf/2024-Telstra-Modern-Slavery-Act-Statement-Remediated.pdf -> output/Telstra/www_telstra_com_au_content_dam_tcom_about-us_community-environment_pdf_2024-Telstra-Modern-Slavery-A.pdf
2025-04-22 13:10:31,285 - INFO - Saved entry to CSV for Telstra
2025-04-22 13:10:31,307 - INFO - Processing URL: https://www.telstra.com.au/content/dam/tcom/about-us/community-environment/pdf/Telstra-Bigger-Picture-Sustainability-Report-Glossary-2023-Remediated.pdf for Telstra
2025-04-22 13:10:31,690 - INFO - Downloaded PDF: https://www.telstra.com.au/content/dam/tcom/about-us/community-environment/pdf/Telstra-Bigger-Picture-Sustainability-Report-Glossary-2023-Remediated.pdf -> output/Telstra/www_telstra_com_au_content_dam_tcom_about-us_community-environment_pdf_Telstra-Bigger-Picture-Sustai.pdf
2025-04-22 13:10:31,750 - INFO - Saved entry to CSV for Telstra
2025-04-22 13:10:31,778 - INFO - Processing URL: https://www.telstra.com.au/sustainability/environment for Telstra
2025-04-22 13:10:37,514 - INFO - Saved entry to CSV for Telstra
2025-04-22 13:10:37,540 - INFO - Processing URL: https://www.telstra.com.au/content/dam/tcom/about-us/community-environment/pdf/bigger-picture-2020-sustainability-report.pdf for Telstra
2025-04-22 13:10:38,919 - INFO - Downloaded PDF: https://www.telstra.com.au/content/dam/tcom/about-us/community-environment/pdf/bigger-picture-2020-sustainability-report.pdf -> output/Telstra/www_telstra_com_au_content_dam_tcom_about-us_community-environment_pdf_bigger-picture-2020-sustainab.pdf
2025-04-22 13:10:39,298 - INFO - Saved entry to CSV for Telstra
2025-04-22 13:10:39,326 - INFO - Processing URL: https://infraco.telstra.com.au/content/dam/tcom/about-us/community-environment/pdf/2024-Telstra-Bigger-Picture-Sustainability-Report-Remediated.pdf for Telstra
2025-04-22 13:10:40,426 - INFO - Downloaded PDF: https://infraco.telstra.com.au/content/dam/tcom/about-us/community-environment/pdf/2024-Telstra-Bigger-Picture-Sustainability-Report-Remediated.pdf -> output/Telstra/infraco_telstra_com_au_content_dam_tcom_about-us_community-environment_pdf_2024-Telstra-Bigger-Pictu.pdf
2025-04-22 13:10:40,651 - INFO - Saved entry to CSV for Telstra
2025-04-22 13:10:40,682 - INFO - Processing URL: https://www.telstra.com.au/content/dam/tcom/about-us/investors/pdf-g/telstra-2024-corporate-governance-statement-appendix-4G.pdf for Telstra
2025-04-22 13:10:41,356 - INFO - Downloaded PDF: https://www.telstra.com.au/content/dam/tcom/about-us/investors/pdf-g/telstra-2024-corporate-governance-statement-appendix-4G.pdf -> output/Telstra/www_telstra_com_au_content_dam_tcom_about-us_investors_pdf-g_telstra-2024-corporate-governance-state.pdf
2025-04-22 13:10:41,511 - INFO - Saved entry to CSV for Telstra
2025-04-22 13:10:41,558 - INFO - Processing URL: https://www.telstra.com.au/content/dam/tcom/about-us/investors/pdf-g/telstra-annual-report-2023.pdf for Telstra
2025-04-22 13:10:42,636 - INFO - Downloaded PDF: https://www.telstra.com.au/content/dam/tcom/about-us/investors/pdf-g/telstra-annual-report-2023.pdf -> output/Telstra/www_telstra_com_au_content_dam_tcom_about-us_investors_pdf-g_telstra-annual-report-2023.pdf.pdf
2025-04-22 13:10:44,528 - INFO - Saved entry to CSV for Telstra
2025-04-22 13:10:44,614 - INFO - Processing URL: https://www.telstra.com.au/business-enterprise/news-research/articles for Telstra
2025-04-22 13:10:51,398 - INFO - Saved entry to CSV for Telstra
2025-04-22 13:10:51,454 - INFO - Processing URL: https://www.telstra.com.au/sustainability for Telstra
2025-04-22 13:10:55,348 - INFO - Saved entry to CSV for Telstra
2025-04-22 13:10:55,396 - INFO - Processing URL: https://www.telstra.com.au/content/dam/tcom/about-us/investors/pdf-g/telstra-annual-report-2024.pdf for Telstra
2025-04-22 13:10:57,053 - INFO - Downloaded PDF: https://www.telstra.com.au/content/dam/tcom/about-us/investors/pdf-g/telstra-annual-report-2024.pdf -> output/Telstra/www_telstra_com_au_content_dam_tcom_about-us_investors_pdf-g_telstra-annual-report-2024.pdf.pdf
2025-04-22 13:10:58,684 - INFO - Saved entry to CSV for Telstra
2025-04-22 13:10:58,739 - INFO - Processing URL: https://www.telstra.com.au/content/dam/tcom/about-us/community-environment/pdf/Telstra-Bigger-Picture-2022-Sustainability-Report_Accessible-Remediated.pdf for Telstra
2025-04-22 13:11:00,652 - INFO - Downloaded PDF: https://www.telstra.com.au/content/dam/tcom/about-us/community-environment/pdf/Telstra-Bigger-Picture-2022-Sustainability-Report_Accessible-Remediated.pdf -> output/Telstra/www_telstra_com_au_content_dam_tcom_about-us_community-environment_pdf_Telstra-Bigger-Picture-2022-S.pdf
2025-04-22 13:11:00,971 - INFO - Saved entry to CSV for Telstra
2025-04-22 13:11:01,030 - INFO - Processing URL: https://www.telstra.com.au/content/dam/tcom/about-us/community-environment/pdf/Telstra-Climate-Change-report-2022-Accessible.pdf for Telstra
2025-04-22 13:11:02,506 - INFO - Downloaded PDF: https://www.telstra.com.au/content/dam/tcom/about-us/community-environment/pdf/Telstra-Climate-Change-report-2022-Accessible.pdf -> output/Telstra/www_telstra_com_au_content_dam_tcom_about-us_community-environment_pdf_Telstra-Climate-Change-report.pdf
2025-04-22 13:11:02,674 - INFO - Saved entry to CSV for Telstra
2025-04-22 13:11:02,734 - INFO - Processing URL: https://www.telstra.com.au/content/dam/tcom/about-us/investors/pdf-i/financial-results-for-the-full-year-ended-30-june-2024.pdf for Telstra
2025-04-22 13:11:04,014 - INFO - Downloaded PDF: https://www.telstra.com.au/content/dam/tcom/about-us/investors/pdf-i/financial-results-for-the-full-year-ended-30-june-2024.pdf -> output/Telstra/www_telstra_com_au_content_dam_tcom_about-us_investors_pdf-i_financial-results-for-the-full-year-end.pdf
2025-04-22 13:11:04,913 - INFO - Saved entry to CSV for Telstra
2025-04-22 13:11:04,983 - INFO - Processing URL: https://www.telstra.com.au/content/dam/tcom/about-us/community-environment/pdf/2024-Telstra-Bigger-Picture-Sustainability-Report-Data-Pack-Remediated.xlsx for Telstra
2025-04-22 13:11:06,423 - INFO - Saved entry to CSV for Telstra
2025-04-22 13:11:06,525 - INFO - Processing URL: https://www.telstra.com.au/content/dam/tcom/about-us/community-environment/pdf/telstra-bigger-picture-sustainability-report-assurance-statement-2023.pdf for Telstra
2025-04-22 13:11:06,957 - INFO - Downloaded PDF: https://www.telstra.com.au/content/dam/tcom/about-us/community-environment/pdf/telstra-bigger-picture-sustainability-report-assurance-statement-2023.pdf -> output/Telstra/www_telstra_com_au_content_dam_tcom_about-us_community-environment_pdf_telstra-bigger-picture-sustai.pdf
2025-04-22 13:11:06,998 - INFO - Saved entry to CSV for Telstra
2025-04-22 13:11:07,084 - INFO - Processing URL: https://www.telstra.com.au/content/dam/tcom/about-us/community-environment/pdf/telstras-bigger-picture-2021-sustainability-report-TCFD-appendix.pdf for Telstra
2025-04-22 13:11:08,359 - INFO - Downloaded PDF: https://www.telstra.com.au/content/dam/tcom/about-us/community-environment/pdf/telstras-bigger-picture-2021-sustainability-report-TCFD-appendix.pdf -> output/Telstra/www_telstra_com_au_content_dam_tcom_about-us_community-environment_pdf_telstras-bigger-picture-2021-.pdf
2025-04-22 13:11:08,440 - INFO - Saved entry to CSV for Telstra
2025-04-22 13:11:08,512 - INFO - Processing URL: https://www.telstra.com.au/content/dam/tcom/about-us/community-environment/pdf/Telstra_In-focus_SDGs_2023_Remediated.pdf for Telstra
2025-04-22 13:11:09,264 - INFO - Downloaded PDF: https://www.telstra.com.au/content/dam/tcom/about-us/community-environment/pdf/Telstra_In-focus_SDGs_2023_Remediated.pdf -> output/Telstra/www_telstra_com_au_content_dam_tcom_about-us_community-environment_pdf_Telstra_In-focus_SDGs_2023_Re.pdf
2025-04-22 13:11:09,315 - INFO - Saved entry to CSV for Telstra
2025-04-22 13:11:09,415 - INFO - Processing URL: https://www.telstra.com.au/content/dam/tcom/about-us/community-environment/pdf/2024-Telstra-Bigger-Picture-Sustainability-Report-Remediated.pdf for Telstra
2025-04-22 13:11:10,183 - INFO - Downloaded PDF: https://www.telstra.com.au/content/dam/tcom/about-us/community-environment/pdf/2024-Telstra-Bigger-Picture-Sustainability-Report-Remediated.pdf -> output/Telstra/www_telstra_com_au_content_dam_tcom_about-us_community-environment_pdf_2024-Telstra-Bigger-Picture-S.pdf
2025-04-22 13:11:10,370 - INFO - Saved entry to CSV for Telstra
2025-04-22 13:11:10,442 - INFO - Processing URL: https://www.telstrasuper.com.au/-/media/telstrasuper/files/governance/annual-reports/telstrasuper-annual-financial-report-30-june-2024.ashx?rev=e4a24a9fb84e478b8639e55dca7f5484&hash=379BA9B5D0D03B890645D48CB1AE0AEF for Telstra
2025-04-22 13:11:10,997 - INFO - Downloaded PDF: https://www.telstrasuper.com.au/-/media/telstrasuper/files/governance/annual-reports/telstrasuper-annual-financial-report-30-june-2024.ashx?rev=e4a24a9fb84e478b8639e55dca7f5484&hash=379BA9B5D0D03B890645D48CB1AE0AEF -> output/Telstra/www_telstrasuper_com_au_-_media_telstrasuper_files_governance_annual-reports_telstrasuper-annual-fin.pdf
2025-04-22 13:11:11,225 - INFO - Saved entry to CSV for Telstra
2025-04-22 13:11:11,308 - INFO - Processing URL: https://infraco.telstra.com.au/sustainability for Telstra
2025-04-22 13:11:16,254 - INFO - Saved entry to CSV for Telstra
2025-04-22 13:11:16,348 - INFO - Processing URL: https://www.telstra.com.au/content/dam/tcom/about-us/community-environment/pdf/2024-Telstra-Bigger-Picture-Sustainability-Report-Glossary-Remediated.pdf for Telstra
2025-04-22 13:11:16,843 - INFO - Downloaded PDF: https://www.telstra.com.au/content/dam/tcom/about-us/community-environment/pdf/2024-Telstra-Bigger-Picture-Sustainability-Report-Glossary-Remediated.pdf -> output/Telstra/www_telstra_com_au_content_dam_tcom_about-us_community-environment_pdf_2024-Telstra-Bigger-Picture-S.pdf
2025-04-22 13:11:17,023 - INFO - Saved entry to CSV for Telstra
2025-04-22 13:11:17,103 - INFO - Processing URL: https://www.telstra.com.au/aboutus/our-company/leadership-team for Telstra
2025-04-22 13:11:21,472 - INFO - Saved entry to CSV for Telstra
2025-04-22 13:11:21,564 - INFO - Processing URL: https://www.telstrasuper.com.au/-/media/telstrasuper/files/governance/governance-and-disclosure/environmental-social-and-governance-policy.ashx?rev=4072f27f4c194a129927ea24ffd68d2c&hash=4F5F241E8392FA759431FB9463BBBCB1 for Telstra
2025-04-22 13:11:21,956 - INFO - Downloaded PDF: https://www.telstrasuper.com.au/-/media/telstrasuper/files/governance/governance-and-disclosure/environmental-social-and-governance-policy.ashx?rev=4072f27f4c194a129927ea24ffd68d2c&hash=4F5F241E8392FA759431FB9463BBBCB1 -> output/Telstra/www_telstrasuper_com_au_-_media_telstrasuper_files_governance_governance-and-disclosure_environmenta.pdf
2025-04-22 13:11:22,011 - INFO - Saved entry to CSV for Telstra
2025-04-22 13:11:22,092 - INFO - Processing URL: https://www.telstra.com.au/content/dam/tcom/about-us/investors/pdf-g/telstra-2023-corporate-governance-statement-appendix-4G.pdf for Telstra
2025-04-22 13:11:22,863 - INFO - Downloaded PDF: https://www.telstra.com.au/content/dam/tcom/about-us/investors/pdf-g/telstra-2023-corporate-governance-statement-appendix-4G.pdf -> output/Telstra/www_telstra_com_au_content_dam_tcom_about-us_investors_pdf-g_telstra-2023-corporate-governance-state.pdf
2025-04-22 13:11:22,999 - INFO - Saved entry to CSV for Telstra
2025-04-22 13:11:23,078 - INFO - Processing URL: https://www.telstra.com.au/content/dam/tcom/about-us/community-environment/pdf/2024-In-focus-Sustainability-at-Telstra-Remediated.pdf for Telstra
2025-04-22 13:11:23,600 - INFO - Downloaded PDF: https://www.telstra.com.au/content/dam/tcom/about-us/community-environment/pdf/2024-In-focus-Sustainability-at-Telstra-Remediated.pdf -> output/Telstra/www_telstra_com_au_content_dam_tcom_about-us_community-environment_pdf_2024-In-focus-Sustainability-.pdf
2025-04-22 13:11:23,649 - INFO - Saved entry to CSV for Telstra
2025-04-22 13:11:23,736 - INFO - Processing URL: https://www.telstra.com.au/business-enterprise/news-research/articles/data-is-key-to-executing-your-esg-strategy for Telstra
2025-04-22 14:19:48,830 - INFO - Processing URL: https://www.telstra.com.au/content/dam/tcom/about-us/community-environment/pdf/Telstra-Value-Chain_End-of-life%20Remediated.pdf for Telstra
2025-04-22 14:19:49,333 - INFO - Downloaded PDF: https://www.telstra.com.au/content/dam/tcom/about-us/community-environment/pdf/Telstra-Value-Chain_End-of-life%20Remediated.pdf -> output/Telstra/www_telstra_com_au_content_dam_tcom_about-us_community-environment_pdf_Telstra-Value-Chain_End-of-li.pdf
2025-04-22 14:19:49,364 - INFO - Saved entry to CSV for Telstra
2025-04-22 14:19:49,460 - INFO - Processing URL: https://www.telstra.com.au/content/dam/tcom/about-us/community-environment/pdf/Telstra-In-focus-Sustaining-our-planet-Remediated.pdf for Telstra
2025-04-22 14:19:49,950 - INFO - Downloaded PDF: https://www.telstra.com.au/content/dam/tcom/about-us/community-environment/pdf/Telstra-In-focus-Sustaining-our-planet-Remediated.pdf -> output/Telstra/www_telstra_com_au_content_dam_tcom_about-us_community-environment_pdf_Telstra-In-focus-Sustaining-o.pdf
2025-04-22 14:19:49,961 - INFO - Saved entry to CSV for Telstra
2025-04-22 14:19:50,060 - INFO - Processing URL: https://www.telstra.com.au/content/dam/tcom/about-us/community-environment/pdf/Telstra-Bigger-Picture-Sustainability-Report-2023-Remediated.pdf for Telstra
2025-04-22 14:19:51,628 - INFO - Downloaded PDF: https://www.telstra.com.au/content/dam/tcom/about-us/community-environment/pdf/Telstra-Bigger-Picture-Sustainability-Report-2023-Remediated.pdf -> output/Telstra/www_telstra_com_au_content_dam_tcom_about-us_community-environment_pdf_Telstra-Bigger-Picture-Sustai.pdf
2025-04-22 14:19:52,482 - INFO - Saved entry to CSV for Telstra
2025-04-22 14:19:52,574 - INFO - Processing URL: https://www.telstra.com.au/exchange/updating-our-climate-change-commitments for Telstra
2025-04-22 14:19:59,523 - INFO - Saved entry to CSV for Telstra
2025-04-22 14:19:59,634 - INFO - Processing URL: https://www.telstra.com.au/content/dam/tcom/about-us/investors/pdf-g/board-charter.pdf for Telstra
2025-04-22 14:20:00,007 - INFO - Downloaded PDF: https://www.telstra.com.au/content/dam/tcom/about-us/investors/pdf-g/board-charter.pdf -> output/Telstra/www_telstra_com_au_content_dam_tcom_about-us_investors_pdf-g_board-charter.pdf.pdf
2025-04-22 14:20:00,062 - INFO - Saved entry to CSV for Telstra
2025-04-22 14:20:00,180 - INFO - Processing URL: https://www.telstra.com.au/content/dam/tcom/about-us/community-environment/pdf/telstras-bigger-picture-2021-sustainability-report.pdf for Telstra
2025-04-22 14:20:01,523 - INFO - Downloaded PDF: https://www.telstra.com.au/content/dam/tcom/about-us/community-environment/pdf/telstras-bigger-picture-2021-sustainability-report.pdf -> output/Telstra/www_telstra_com_au_content_dam_tcom_about-us_community-environment_pdf_telstras-bigger-picture-2021-.pdf
2025-04-22 14:20:01,812 - INFO - Saved entry to CSV for Telstra
2025-04-22 14:20:01,905 - INFO - Processing URL: https://www.telstra.com.au/content/dam/tcom/about-us/community-environment/pdf/2024-Telstra-Modern-Slavery-Act-Statement-Remediated.pdf for Telstra
2025-04-22 14:20:02,800 - INFO - Downloaded PDF: https://www.telstra.com.au/content/dam/tcom/about-us/community-environment/pdf/2024-Telstra-Modern-Slavery-Act-Statement-Remediated.pdf -> output/Telstra/www_telstra_com_au_content_dam_tcom_about-us_community-environment_pdf_2024-Telstra-Modern-Slavery-A.pdf
2025-04-22 14:20:03,149 - INFO - Saved entry to CSV for Telstra
2025-04-22 14:20:03,243 - INFO - Processing URL: https://www.telstra.com.au/content/dam/tcom/about-us/community-environment/pdf/Telstra-Bigger-Picture-Sustainability-Report-Glossary-2023-Remediated.pdf for Telstra
2025-04-22 14:20:03,720 - INFO - Downloaded PDF: https://www.telstra.com.au/content/dam/tcom/about-us/community-environment/pdf/Telstra-Bigger-Picture-Sustainability-Report-Glossary-2023-Remediated.pdf -> output/Telstra/www_telstra_com_au_content_dam_tcom_about-us_community-environment_pdf_Telstra-Bigger-Picture-Sustai.pdf
2025-04-22 14:20:03,882 - INFO - Saved entry to CSV for Telstra
2025-04-22 14:20:04,206 - INFO - Processing URL: https://www.telstra.com.au/sustainability/environment for Telstra
2025-04-22 14:20:10,045 - INFO - Saved entry to CSV for Telstra
2025-04-22 14:20:10,141 - INFO - Processing URL: https://www.telstra.com.au/content/dam/tcom/about-us/community-environment/pdf/bigger-picture-2020-sustainability-report.pdf for Telstra
2025-04-22 14:20:11,477 - INFO - Downloaded PDF: https://www.telstra.com.au/content/dam/tcom/about-us/community-environment/pdf/bigger-picture-2020-sustainability-report.pdf -> output/Telstra/www_telstra_com_au_content_dam_tcom_about-us_community-environment_pdf_bigger-picture-2020-sustainab.pdf
2025-04-22 14:20:11,831 - INFO - Saved entry to CSV for Telstra
2025-04-22 14:20:11,955 - INFO - Processing URL: https://infraco.telstra.com.au/content/dam/tcom/about-us/community-environment/pdf/2024-Telstra-Bigger-Picture-Sustainability-Report-Remediated.pdf for Telstra
2025-04-22 14:20:12,825 - INFO - Downloaded PDF: https://infraco.telstra.com.au/content/dam/tcom/about-us/community-environment/pdf/2024-Telstra-Bigger-Picture-Sustainability-Report-Remediated.pdf -> output/Telstra/infraco_telstra_com_au_content_dam_tcom_about-us_community-environment_pdf_2024-Telstra-Bigger-Pictu.pdf
2025-04-22 14:20:13,010 - INFO - Saved entry to CSV for Telstra
2025-04-22 14:20:13,140 - INFO - Processing URL: https://www.telstra.com.au/content/dam/tcom/about-us/investors/pdf-g/telstra-2024-corporate-governance-statement-appendix-4G.pdf for Telstra
2025-04-22 14:20:13,717 - INFO - Downloaded PDF: https://www.telstra.com.au/content/dam/tcom/about-us/investors/pdf-g/telstra-2024-corporate-governance-statement-appendix-4G.pdf -> output/Telstra/www_telstra_com_au_content_dam_tcom_about-us_investors_pdf-g_telstra-2024-corporate-governance-state.pdf
2025-04-22 14:20:13,846 - INFO - Saved entry to CSV for Telstra
2025-04-22 14:20:13,943 - INFO - Processing URL: https://www.telstra.com.au/content/dam/tcom/about-us/investors/pdf-g/telstra-annual-report-2023.pdf for Telstra
2025-04-22 14:20:14,885 - INFO - Downloaded PDF: https://www.telstra.com.au/content/dam/tcom/about-us/investors/pdf-g/telstra-annual-report-2023.pdf -> output/Telstra/www_telstra_com_au_content_dam_tcom_about-us_investors_pdf-g_telstra-annual-report-2023.pdf.pdf
2025-04-22 14:20:16,344 - INFO - Saved entry to CSV for Telstra
2025-04-22 14:20:16,584 - INFO - Processing URL: https://www.telstra.com.au/business-enterprise/news-research/articles for Telstra
2025-04-22 14:20:22,369 - INFO - Saved entry to CSV for Telstra
2025-04-22 14:20:22,521 - INFO - Processing URL: https://www.telstra.com.au/sustainability for Telstra
2025-04-22 14:20:27,562 - INFO - Saved entry to CSV for Telstra
2025-04-22 14:20:27,674 - INFO - Processing URL: https://www.telstra.com.au/content/dam/tcom/about-us/investors/pdf-g/telstra-annual-report-2024.pdf for Telstra
2025-04-22 14:20:28,978 - INFO - Downloaded PDF: https://www.telstra.com.au/content/dam/tcom/about-us/investors/pdf-g/telstra-annual-report-2024.pdf -> output/Telstra/www_telstra_com_au_content_dam_tcom_about-us_investors_pdf-g_telstra-annual-report-2024.pdf.pdf
2025-04-22 14:20:30,789 - INFO - Saved entry to CSV for Telstra
2025-04-22 14:20:30,908 - INFO - Processing URL: https://www.telstra.com.au/content/dam/tcom/about-us/community-environment/pdf/Telstra-Bigger-Picture-2022-Sustainability-Report_Accessible-Remediated.pdf for Telstra
2025-04-22 14:20:31,917 - INFO - Downloaded PDF: https://www.telstra.com.au/content/dam/tcom/about-us/community-environment/pdf/Telstra-Bigger-Picture-2022-Sustainability-Report_Accessible-Remediated.pdf -> output/Telstra/www_telstra_com_au_content_dam_tcom_about-us_community-environment_pdf_Telstra-Bigger-Picture-2022-S.pdf
2025-04-22 14:20:32,220 - INFO - Saved entry to CSV for Telstra
2025-04-22 14:20:32,339 - INFO - Processing URL: https://www.telstra.com.au/content/dam/tcom/about-us/community-environment/pdf/Telstra-Climate-Change-report-2022-Accessible.pdf for Telstra
2025-04-22 14:20:33,141 - INFO - Downloaded PDF: https://www.telstra.com.au/content/dam/tcom/about-us/community-environment/pdf/Telstra-Climate-Change-report-2022-Accessible.pdf -> output/Telstra/www_telstra_com_au_content_dam_tcom_about-us_community-environment_pdf_Telstra-Climate-Change-report.pdf
2025-04-22 14:20:33,290 - INFO - Saved entry to CSV for Telstra
2025-04-22 14:20:33,412 - INFO - Processing URL: https://www.telstra.com.au/content/dam/tcom/about-us/investors/pdf-i/financial-results-for-the-full-year-ended-30-june-2024.pdf for Telstra
2025-04-22 14:20:34,665 - INFO - Downloaded PDF: https://www.telstra.com.au/content/dam/tcom/about-us/investors/pdf-i/financial-results-for-the-full-year-ended-30-june-2024.pdf -> output/Telstra/www_telstra_com_au_content_dam_tcom_about-us_investors_pdf-i_financial-results-for-the-full-year-end.pdf
2025-04-22 14:20:35,629 - INFO - Saved entry to CSV for Telstra
2025-04-22 14:20:35,776 - INFO - Processing URL: https://www.telstra.com.au/content/dam/tcom/about-us/community-environment/pdf/2024-Telstra-Bigger-Picture-Sustainability-Report-Data-Pack-Remediated.xlsx for Telstra
2025-04-22 14:20:37,198 - INFO - Saved entry to CSV for Telstra
2025-04-22 14:20:37,366 - INFO - Processing URL: https://www.telstra.com.au/content/dam/tcom/about-us/community-environment/pdf/telstra-bigger-picture-sustainability-report-assurance-statement-2023.pdf for Telstra
2025-04-22 14:20:37,807 - INFO - Downloaded PDF: https://www.telstra.com.au/content/dam/tcom/about-us/community-environment/pdf/telstra-bigger-picture-sustainability-report-assurance-statement-2023.pdf -> output/Telstra/www_telstra_com_au_content_dam_tcom_about-us_community-environment_pdf_telstra-bigger-picture-sustai.pdf
2025-04-22 14:20:37,841 - INFO - Saved entry to CSV for Telstra
2025-04-22 14:20:37,985 - INFO - Processing URL: https://www.telstra.com.au/content/dam/tcom/about-us/community-environment/pdf/telstras-bigger-picture-2021-sustainability-report-TCFD-appendix.pdf for Telstra
2025-04-22 14:20:38,686 - INFO - Downloaded PDF: https://www.telstra.com.au/content/dam/tcom/about-us/community-environment/pdf/telstras-bigger-picture-2021-sustainability-report-TCFD-appendix.pdf -> output/Telstra/www_telstra_com_au_content_dam_tcom_about-us_community-environment_pdf_telstras-bigger-picture-2021-.pdf
2025-04-22 14:20:38,760 - INFO - Saved entry to CSV for Telstra
2025-04-22 14:20:38,896 - INFO - Processing URL: https://www.telstra.com.au/content/dam/tcom/about-us/community-environment/pdf/Telstra_In-focus_SDGs_2023_Remediated.pdf for Telstra
2025-04-22 14:20:39,463 - INFO - Downloaded PDF: https://www.telstra.com.au/content/dam/tcom/about-us/community-environment/pdf/Telstra_In-focus_SDGs_2023_Remediated.pdf -> output/Telstra/www_telstra_com_au_content_dam_tcom_about-us_community-environment_pdf_Telstra_In-focus_SDGs_2023_Re.pdf
2025-04-22 14:20:39,538 - INFO - Saved entry to CSV for Telstra
2025-04-22 14:20:39,675 - INFO - Processing URL: https://www.telstra.com.au/content/dam/tcom/about-us/community-environment/pdf/2024-Telstra-Bigger-Picture-Sustainability-Report-Remediated.pdf for Telstra
2025-04-22 14:20:40,531 - INFO - Downloaded PDF: https://www.telstra.com.au/content/dam/tcom/about-us/community-environment/pdf/2024-Telstra-Bigger-Picture-Sustainability-Report-Remediated.pdf -> output/Telstra/www_telstra_com_au_content_dam_tcom_about-us_community-environment_pdf_2024-Telstra-Bigger-Picture-S.pdf
2025-04-22 14:20:40,716 - INFO - Saved entry to CSV for Telstra
2025-04-22 14:20:40,854 - INFO - Processing URL: https://www.telstrasuper.com.au/-/media/telstrasuper/files/governance/annual-reports/telstrasuper-annual-financial-report-30-june-2024.ashx?rev=e4a24a9fb84e478b8639e55dca7f5484&hash=379BA9B5D0D03B890645D48CB1AE0AEF for Telstra
2025-04-22 14:20:41,304 - INFO - Downloaded PDF: https://www.telstrasuper.com.au/-/media/telstrasuper/files/governance/annual-reports/telstrasuper-annual-financial-report-30-june-2024.ashx?rev=e4a24a9fb84e478b8639e55dca7f5484&hash=379BA9B5D0D03B890645D48CB1AE0AEF -> output/Telstra/www_telstrasuper_com_au_-_media_telstrasuper_files_governance_annual-reports_telstrasuper-annual-fin.pdf
2025-04-22 14:20:41,528 - INFO - Saved entry to CSV for Telstra
2025-04-22 14:20:41,663 - INFO - Processing URL: https://infraco.telstra.com.au/sustainability for Telstra
2025-04-22 14:20:46,738 - INFO - Saved entry to CSV for Telstra
2025-04-22 14:20:47,078 - INFO - Processing URL: https://www.telstra.com.au/content/dam/tcom/about-us/community-environment/pdf/2024-Telstra-Bigger-Picture-Sustainability-Report-Glossary-Remediated.pdf for Telstra
2025-04-22 14:20:47,541 - INFO - Downloaded PDF: https://www.telstra.com.au/content/dam/tcom/about-us/community-environment/pdf/2024-Telstra-Bigger-Picture-Sustainability-Report-Glossary-Remediated.pdf -> output/Telstra/www_telstra_com_au_content_dam_tcom_about-us_community-environment_pdf_2024-Telstra-Bigger-Picture-S.pdf
2025-04-22 14:20:47,715 - INFO - Saved entry to CSV for Telstra
2025-04-22 14:20:47,869 - INFO - Processing URL: https://www.telstra.com.au/aboutus/our-company/leadership-team for Telstra
2025-04-22 14:20:52,813 - INFO - Saved entry to CSV for Telstra
2025-04-22 14:20:52,976 - INFO - Processing URL: https://www.telstrasuper.com.au/-/media/telstrasuper/files/governance/governance-and-disclosure/environmental-social-and-governance-policy.ashx?rev=4072f27f4c194a129927ea24ffd68d2c&hash=4F5F241E8392FA759431FB9463BBBCB1 for Telstra
2025-04-22 14:20:53,261 - INFO - Downloaded PDF: https://www.telstrasuper.com.au/-/media/telstrasuper/files/governance/governance-and-disclosure/environmental-social-and-governance-policy.ashx?rev=4072f27f4c194a129927ea24ffd68d2c&hash=4F5F241E8392FA759431FB9463BBBCB1 -> output/Telstra/www_telstrasuper_com_au_-_media_telstrasuper_files_governance_governance-and-disclosure_environmenta.pdf
2025-04-22 14:20:53,304 - INFO - Saved entry to CSV for Telstra
2025-04-22 14:20:53,488 - INFO - Processing URL: https://www.telstra.com.au/content/dam/tcom/about-us/investors/pdf-g/telstra-2023-corporate-governance-statement-appendix-4G.pdf for Telstra
2025-04-22 14:20:54,056 - INFO - Downloaded PDF: https://www.telstra.com.au/content/dam/tcom/about-us/investors/pdf-g/telstra-2023-corporate-governance-statement-appendix-4G.pdf -> output/Telstra/www_telstra_com_au_content_dam_tcom_about-us_investors_pdf-g_telstra-2023-corporate-governance-state.pdf
2025-04-22 14:20:54,240 - INFO - Saved entry to CSV for Telstra
2025-04-22 14:20:54,426 - INFO - Processing URL: https://www.telstra.com.au/content/dam/tcom/about-us/community-environment/pdf/2024-In-focus-Sustainability-at-Telstra-Remediated.pdf for Telstra
2025-04-22 14:20:55,021 - INFO - Downloaded PDF: https://www.telstra.com.au/content/dam/tcom/about-us/community-environment/pdf/2024-In-focus-Sustainability-at-Telstra-Remediated.pdf -> output/Telstra/www_telstra_com_au_content_dam_tcom_about-us_community-environment_pdf_2024-In-focus-Sustainability-.pdf
2025-04-22 14:20:55,049 - INFO - Saved entry to CSV for Telstra
2025-04-22 14:20:55,193 - INFO - Processing URL: https://www.telstra.com.au/business-enterprise/news-research/articles/data-is-key-to-executing-your-esg-strategy for Telstra
2025-04-22 14:21:00,179 - INFO - Saved entry to CSV for Telstra
2025-04-22 14:21:00,339 - INFO - Processing URL: https://www.telstra.com.au/aboutus/investors/annual-general-meeting for Telstra
2025-04-22 14:21:06,730 - INFO - Saved entry to CSV for Telstra
2025-04-22 14:21:06,928 - INFO - Processing URL: https://www.telstra.com.au/sustainability/report for Telstra
2025-04-22 14:21:12,394 - INFO - Saved entry to CSV for Telstra
2025-04-22 14:21:12,580 - INFO - Processing URL: https://www.optus.com.au/content/dam/optus/documents/about-us/sustainability/reporting/2022/Optus%20Sustainability%20Report%20FY22.pdf for Optus
2025-04-22 14:21:24,607 - INFO - Downloaded PDF: https://www.optus.com.au/content/dam/optus/documents/about-us/sustainability/reporting/2022/Optus%20Sustainability%20Report%20FY22.pdf -> output/Optus/www_optus_com_au_content_dam_optus_documents_about-us_sustainability_reporting_2022_Optus%20Sustaina.pdf
2025-04-22 14:21:24,753 - INFO - Saved entry to CSV for Optus
2025-04-22 14:21:24,756 - INFO - Processing URL: https://www.optus.com.au/content/dam/optus/documents/about-us/sustainability/reporting/2021/Optus-Sustainability-Report-FY2021.pdf for Optus
2025-04-22 14:21:35,948 - INFO - Downloaded PDF: https://www.optus.com.au/content/dam/optus/documents/about-us/sustainability/reporting/2021/Optus-Sustainability-Report-FY2021.pdf -> output/Optus/www_optus_com_au_content_dam_optus_documents_about-us_sustainability_reporting_2021_Optus-Sustainabi.pdf
2025-04-22 14:21:36,254 - INFO - Saved entry to CSV for Optus
2025-04-22 14:21:36,260 - INFO - Processing URL: https://www.optus.com.au/about/sustainability/reporting for Optus
2025-04-22 14:21:50,196 - INFO - Saved entry to CSV for Optus
2025-04-22 14:21:50,209 - INFO - Processing URL: https://www.optus.com.au/content/dam/optus/documents/about-us/sustainability/reporting/2024/Optus-Sustainability-Report-FY2024-Final2.pdf for Optus
2025-04-22 14:22:02,110 - INFO - Downloaded PDF: https://www.optus.com.au/content/dam/optus/documents/about-us/sustainability/reporting/2024/Optus-Sustainability-Report-FY2024-Final2.pdf -> output/Optus/www_optus_com_au_content_dam_optus_documents_about-us_sustainability_reporting_2024_Optus-Sustainabi.pdf
2025-04-22 14:22:02,513 - INFO - Saved entry to CSV for Optus
2025-04-22 14:22:02,520 - INFO - Processing URL: https://www.optus.com.au/content/dam/optus/documents/about-us/media-centre/annual-reports/2024/Singtel_Annual_Report_2024.pdf for Optus
2025-04-22 14:22:13,484 - INFO - Downloaded PDF: https://www.optus.com.au/content/dam/optus/documents/about-us/media-centre/annual-reports/2024/Singtel_Annual_Report_2024.pdf -> output/Optus/www_optus_com_au_content_dam_optus_documents_about-us_media-centre_annual-reports_2024_Singtel_Annua.pdf
2025-04-22 14:22:14,078 - INFO - Saved entry to CSV for Optus
2025-04-22 14:22:14,099 - INFO - Processing URL: https://www.optus.com.au/content/dam/optus/documents/about-us/sustainability/reporting/2020/Optus-Sustainability-Report-FY2020.pdf for Optus
2025-04-22 14:22:25,999 - INFO - Downloaded PDF: https://www.optus.com.au/content/dam/optus/documents/about-us/sustainability/reporting/2020/Optus-Sustainability-Report-FY2020.pdf -> output/Optus/www_optus_com_au_content_dam_optus_documents_about-us_sustainability_reporting_2020_Optus-Sustainabi.pdf
2025-04-22 14:22:26,141 - INFO - Saved entry to CSV for Optus
2025-04-22 14:22:26,161 - INFO - Processing URL: https://www.optus.com.au/content/dam/optus/documents/about-us/sustainability/reporting/2023/fy2023-optus-sustainability-report.pdf for Optus
2025-04-22 14:22:37,818 - INFO - Downloaded PDF: https://www.optus.com.au/content/dam/optus/documents/about-us/sustainability/reporting/2023/fy2023-optus-sustainability-report.pdf -> output/Optus/www_optus_com_au_content_dam_optus_documents_about-us_sustainability_reporting_2023_fy2023-optus-sus.pdf
2025-04-22 14:22:38,004 - INFO - Saved entry to CSV for Optus
2025-04-22 14:22:38,030 - INFO - Processing URL: https://www.optus.com.au/about/sustainability for Optus
2025-04-22 14:22:51,649 - INFO - Saved entry to CSV for Optus
2025-04-22 14:22:51,687 - INFO - Processing URL: https://www.optus.com.au/content/dam/optus/documents/about-us/sustainability/reporting/2024/fy2024-optus-environment-data-performance-pack.xlsx for Optus
2025-04-22 14:23:12,354 - ERROR - Error fetching HTML from https://www.optus.com.au/content/dam/optus/documents/about-us/sustainability/reporting/2024/fy2024-optus-environment-data-performance-pack.xlsx: HTTPSConnectionPool(host='www.optus.com.au', port=443): Read timed out. (read timeout=10)
2025-04-22 14:23:12,357 - ERROR - Failed to retrieve HTML content from https://www.optus.com.au/content/dam/optus/documents/about-us/sustainability/reporting/2024/fy2024-optus-environment-data-performance-pack.xlsx
2025-04-22 14:23:12,420 - INFO - Processing URL: https://www.optus.com.au/content/dam/optus/documents/about-us/sustainability/governance/2024-optus-modern-slavery-statement.pdf for Optus
2025-04-22 14:23:13,584 - INFO - Downloaded PDF: https://www.optus.com.au/content/dam/optus/documents/about-us/sustainability/governance/2024-optus-modern-slavery-statement.pdf -> output/Optus/www_optus_com_au_content_dam_optus_documents_about-us_sustainability_governance_2024-optus-modern-sl.pdf
2025-04-22 14:23:13,696 - INFO - Saved entry to CSV for Optus
